# JRE version: Java(TM) SE Runtime Environment (17.0.12+8) (build 17.0.12+8-LTS-286)
# Java VM: Java HotSpot(TM) 64-Bit Server VM (17.0.12+8-LTS-286, mixed mode, emulated-client, sharing, tiered, compressed oops, compressed class ptrs, g1 gc, windows-amd64)
GC Precious Log:
 CPUs: 16 total, 16 available
 Memory: 15724M
 Large Page Support: Disabled
 NUMA Support: Disabled
 Compressed Oops: Enabled (Zero based)
 Heap Region Size: 2M
 Heap Min Capacity: 8M
 Heap Initial Capacity: 246M
 Heap Max Capacity: 3932M
 Pre-touch: Disabled
 Parallel Workers: 13
 Concurrent Workers: 3
 Concurrent Refinement Workers: 13
 Periodic GC: Disabled
Heap:
 garbage-first heap   total 135168K, used 101753K [0x000000070a400000, 0x0000000800000000)
  region size 2048K, 34 young (69632K), 2 survivors (4096K)
 Metaspace       used 73814K, committed 74304K, reserved 1114112K
  class space    used 9983K, committed 10240K, reserved 1048576K
GC Heap History (20 events):
Event: 3.637 GC heap before
{Heap before GC invocations=7 (full 0):
 garbage-first heap   total 75776K, used 49433K [0x000000070a400000, 0x0000000800000000)
  region size 2048K, 15 young (30720K), 1 survivors (2048K)
 Metaspace       used 30651K, committed 30976K, reserved 1114112K
  class space    used 4207K, committed 4352K, reserved 1048576K
}
Event: 3.640 GC heap after
{Heap after GC invocations=8 (full 0):
 garbage-first heap   total 75776K, used 21274K [0x000000070a400000, 0x0000000800000000)
  region size 2048K, 1 young (2048K), 1 survivors (2048K)
 Metaspace       used 30651K, committed 30976K, reserved 1114112K
  class space    used 4207K, committed 4352K, reserved 1048576K
}
Event: 4.225 GC heap before
{Heap before GC invocations=8 (full 0):
 garbage-first heap   total 75776K, used 49946K [0x000000070a400000, 0x0000000800000000)
  region size 2048K, 16 young (32768K), 1 survivors (2048K)
 Metaspace       used 35666K, committed 36032K, reserved 1114112K
  class space    used 4756K, committed 4928K, reserved 1048576K
}
Event: 4.228 GC heap after
{Heap after GC invocations=9 (full 0):
 garbage-first heap   total 75776K, used 21710K [0x000000070a400000, 0x0000000800000000)
  region size 2048K, 1 young (2048K), 1 survivors (2048K)
 Metaspace       used 35666K, committed 36032K, reserved 1114112K
  class space    used 4756K, committed 4928K, reserved 1048576K
}
Event: 4.235 GC heap before
{Heap before GC invocations=9 (full 0):
 garbage-first heap   total 75776K, used 21710K [0x000000070a400000, 0x0000000800000000)
  region size 2048K, 2 young (4096K), 1 survivors (2048K)
 Metaspace       used 35766K, committed 36096K, reserved 1114112K
  class space    used 4770K, committed 4928K, reserved 1048576K
}
Event: 4.237 GC heap after
{Heap after GC invocations=10 (full 0):
 garbage-first heap   total 75776K, used 21839K [0x000000070a400000, 0x0000000800000000)
  region size 2048K, 1 young (2048K), 1 survivors (2048K)
 Metaspace       used 35766K, committed 36096K, reserved 1114112K
  class space    used 4770K, committed 4928K, reserved 1048576K
}
Event: 4.705 GC heap before
{Heap before GC invocations=11 (full 0):
 garbage-first heap   total 75776K, used 54607K [0x000000070a400000, 0x0000000800000000)
  region size 2048K, 18 young (36864K), 1 survivors (2048K)
 Metaspace       used 39798K, committed 40128K, reserved 1114112K
  class space    used 5352K, committed 5504K, reserved 1048576K
}
Event: 4.710 GC heap after
{Heap after GC invocations=12 (full 0):
 garbage-first heap   total 135168K, used 24242K [0x000000070a400000, 0x0000000800000000)
  region size 2048K, 3 young (6144K), 3 survivors (6144K)
 Metaspace       used 39798K, committed 40128K, reserved 1114112K
  class space    used 5352K, committed 5504K, reserved 1048576K
}
Event: 5.267 GC heap before
{Heap before GC invocations=12 (full 0):
 garbage-first heap   total 135168K, used 95922K [0x000000070a400000, 0x0000000800000000)
  region size 2048K, 39 young (79872K), 3 survivors (6144K)
 Metaspace       used 43209K, committed 43584K, reserved 1114112K
  class space    used 5731K, committed 5888K, reserved 1048576K
}
Event: 5.272 GC heap after
{Heap after GC invocations=13 (full 0):
 garbage-first heap   total 135168K, used 27818K [0x000000070a400000, 0x0000000800000000)
  region size 2048K, 4 young (8192K), 4 survivors (8192K)
 Metaspace       used 43209K, committed 43584K, reserved 1114112K
  class space    used 5731K, committed 5888K, reserved 1048576K
}
Event: 5.923 GC heap before
{Heap before GC invocations=13 (full 0):
 garbage-first heap   total 135168K, used 99498K [0x000000070a400000, 0x0000000800000000)
  region size 2048K, 39 young (79872K), 4 survivors (8192K)
 Metaspace       used 49678K, committed 50112K, reserved 1114112K
  class space    used 6796K, committed 6976K, reserved 1048576K
}
Event: 5.930 GC heap after
{Heap after GC invocations=14 (full 0):
 garbage-first heap   total 135168K, used 31865K [0x000000070a400000, 0x0000000800000000)
  region size 2048K, 4 young (8192K), 4 survivors (8192K)
 Metaspace       used 49678K, committed 50112K, reserved 1114112K
  class space    used 6796K, committed 6976K, reserved 1048576K
}
Event: 6.507 GC heap before
{Heap before GC invocations=14 (full 0):
 garbage-first heap   total 135168K, used 103545K [0x000000070a400000, 0x0000000800000000)
  region size 2048K, 39 young (79872K), 4 survivors (8192K)
 Metaspace       used 55633K, committed 56064K, reserved 1114112K
  class space    used 7565K, committed 7744K, reserved 1048576K
}
Event: 6.514 GC heap after
{Heap after GC invocations=15 (full 0):
 garbage-first heap   total 135168K, used 34947K [0x000000070a400000, 0x0000000800000000)
  region size 2048K, 4 young (8192K), 4 survivors (8192K)
 Metaspace       used 55633K, committed 56064K, reserved 1114112K
  class space    used 7565K, committed 7744K, reserved 1048576K
}
Event: 6.938 GC heap before
{Heap before GC invocations=15 (full 0):
 garbage-first heap   total 135168K, used 104579K [0x000000070a400000, 0x0000000800000000)
  region size 2048K, 38 young (77824K), 4 survivors (8192K)
 Metaspace       used 59599K, committed 60096K, reserved 1114112K
  class space    used 8032K, committed 8256K, reserved 1048576K
}
Event: 6.942 GC heap after
{Heap after GC invocations=16 (full 0):
 garbage-first heap   total 135168K, used 37639K [0x000000070a400000, 0x0000000800000000)
  region size 2048K, 4 young (8192K), 4 survivors (8192K)
 Metaspace       used 59599K, committed 60096K, reserved 1114112K
  class space    used 8032K, committed 8256K, reserved 1048576K
}
Event: 7.074 GC heap before
{Heap before GC invocations=16 (full 0):
 garbage-first heap   total 135168K, used 105223K [0x000000070a400000, 0x0000000800000000)
  region size 2048K, 37 young (75776K), 4 survivors (8192K)
 Metaspace       used 59642K, committed 60096K, reserved 1114112K
  class space    used 8041K, committed 8256K, reserved 1048576K
}
Event: 7.076 GC heap after
{Heap after GC invocations=17 (full 0):
 garbage-first heap   total 135168K, used 38451K [0x000000070a400000, 0x0000000800000000)
  region size 2048K, 2 young (4096K), 2 survivors (4096K)
 Metaspace       used 59642K, committed 60096K, reserved 1114112K
  class space    used 8041K, committed 8256K, reserved 1048576K
}
Event: 7.123 GC heap before
{Heap before GC invocations=17 (full 0):
 garbage-first heap   total 135168K, used 44595K [0x000000070a400000, 0x0000000800000000)
  region size 2048K, 6 young (12288K), 2 survivors (4096K)
 Metaspace       used 59933K, committed 60416K, reserved 1114112K
  class space    used 8097K, committed 8320K, reserved 1048576K
}
Event: 7.125 GC heap after
{Heap after GC invocations=18 (full 0):
 garbage-first heap   total 135168K, used 38265K [0x000000070a400000, 0x0000000800000000)
  region size 2048K, 2 young (4096K), 2 survivors (4096K)
 Metaspace       used 59933K, committed 60416K, reserved 1114112K
  class space    used 8097K, committed 8320K, reserved 1048576K
}

